2026-04-11 17:38:50,750 - INFO - --- Starting Task 'wan2.2' ---
2026-04-11 17:38:50,755 - INFO - --- Step 1/6: 'audio_nsfw' ---
2026-04-11 17:38:50,755 - INFO - --- Step 2/6: 'wan_2.2_step0' ---
2026-04-11 17:38:52,318 - INFO - --- Step 3/6: 'wan_2.2_step1' ---
2026-04-11 17:38:53,847 - INFO - --- Step 4/6: 'wan_2.2_step2' ---
2026-04-11 17:38:55,397 - INFO - --- Step 5/6: 'wan_2.2_step3' ---
2026-04-11 17:38:56,914 - INFO - --- Step 6/6: 'FlashSVR' ---
2026-04-11 17:38:58,433 - INFO - --- Task 'wan2.2' FINISHED ---
2026-04-11 17:41:00,615 - INFO - --- Starting Task 'wan2.2' ---
2026-04-11 17:41:00,618 - INFO - --- Step 1/6: 'audio_nsfw' ---
2026-04-11 17:41:00,618 - INFO - --- Step 2/6: 'wan_2.2_step0' ---
2026-04-11 17:41:11,177 - INFO - --- Step 3/6: 'wan_2.2_step1' ---
2026-04-11 17:41:11,683 - INFO - --- Step 4/6: 'wan_2.2_step2' ---
2026-04-11 17:41:12,190 - INFO - --- Step 5/6: 'wan_2.2_step3' ---
2026-04-11 17:41:12,698 - INFO - --- Step 6/6: 'FlashSVR' ---
2026-04-11 17:41:13,203 - INFO - --- Task 'wan2.2' FINISHED ---
2026-04-11 18:10:16,645 - INFO - --- Starting Task 'wan2.2' ---
2026-04-11 18:10:16,649 - INFO - --- Step 1/6: 'audio_nsfw' ---
2026-04-11 18:10:16,649 - INFO - --- Step 2/6: 'wan_2.2_step0' ---
2026-04-11 18:10:17,183 - INFO - DEBUG: Staged POS: pos_cmpy8oyu_20260411_181016.pt
2026-04-11 18:10:17,186 - INFO - DEBUG: Staged NEG: neg_cmpy8oyu_20260411_181016.pt
2026-04-11 18:10:17,187 - INFO - --- Step 3/6: 'wan_2.2_step1' ---
2026-04-11 18:10:17,693 - INFO - --- Step 4/6: 'wan_2.2_step2' ---
2026-04-11 18:10:18,199 - INFO - --- Step 5/6: 'wan_2.2_step3' ---
2026-04-11 18:10:18,704 - INFO - --- Step 6/6: 'FlashSVR' ---
2026-04-11 18:10:19,211 - INFO - --- Task 'wan2.2' FINISHED ---
2026-04-11 18:20:54,536 - INFO - --- Starting Task 'custom' ---
2026-04-11 18:20:54,540 - INFO - --- Step 1/1: 'audio_nsfw' ---
2026-04-11 18:20:54,540 - INFO - --- Task 'custom' FINISHED ---
2026-04-11 18:21:00,840 - INFO - --- Starting Task 'wan2.2' ---
2026-04-11 18:21:00,843 - INFO - --- Step 1/6: 'audio_nsfw' ---
2026-04-11 18:21:00,843 - INFO - --- Step 2/6: 'wan_2.2_step0' ---
2026-04-11 18:21:01,357 - INFO - DEBUG: Staged NEG: neg_0d8r2eke_20260411_182100.pt
2026-04-11 18:21:01,357 - INFO - --- Step 3/6: 'wan_2.2_step1' ---
2026-04-11 18:21:06,877 - INFO - DEBUG: Staged NEG: neg_0d8r2eke_20260411_182100.pt
2026-04-11 18:21:06,877 - INFO - --- Step 4/6: 'wan_2.2_step2' ---
2026-04-11 18:21:07,406 - INFO - DEBUG: Staged NEG: neg_0d8r2eke_20260411_182100.pt
2026-04-11 18:21:07,406 - INFO - --- Step 5/6: 'wan_2.2_step3' ---
2026-04-11 18:21:12,939 - INFO - DEBUG: Staged NEG: neg_0d8r2eke_20260411_182100.pt
2026-04-11 18:21:12,939 - INFO - --- Step 6/6: 'FlashSVR' ---
2026-04-11 18:21:13,446 - INFO - --- Task 'wan2.2' FINISHED ---
2026-04-11 18:42:15,869 - INFO - --- Starting Task 'wan2.2' ---
2026-04-11 18:42:15,873 - INFO - --- Step 1/6: 'audio_nsfw' ---
2026-04-11 18:42:15,873 - INFO - --- Step 2/6: 'wan_2.2_step0' ---
2026-04-11 18:42:26,469 - INFO - --- Step 3/6: 'wan_2.2_step1' ---
2026-04-11 18:42:26,974 - INFO - --- Step 4/6: 'wan_2.2_step2' ---
2026-04-11 18:42:27,480 - INFO - --- Step 5/6: 'wan_2.2_step3' ---
2026-04-11 18:42:27,985 - INFO - --- Step 6/6: 'FlashSVR' ---
2026-04-11 18:42:28,491 - INFO - --- Task 'wan2.2' FINISHED ---
2026-04-11 18:49:56,802 - INFO - --- Starting Task 'wan2.2' ---
2026-04-11 18:49:56,805 - INFO - --- Step 1/6: 'audio_nsfw' ---
2026-04-11 18:49:56,805 - INFO - --- Step 2/6: 'wan_2.2_step0' ---
2026-04-11 18:49:57,330 - INFO - --- Step 3/6: 'wan_2.2_step1' ---
2026-04-11 18:49:57,834 - INFO - --- Step 4/6: 'wan_2.2_step2' ---
2026-04-11 18:49:58,339 - INFO - --- Step 5/6: 'wan_2.2_step3' ---
2026-04-11 18:49:58,845 - INFO - --- Step 6/6: 'FlashSVR' ---
2026-04-11 18:49:59,366 - INFO - --- Task 'wan2.2' FINISHED ---
2026-04-11 19:03:41,387 - INFO - --- Starting Task 'wan2.2' ---
2026-04-11 19:03:41,391 - INFO - --- Step 1/6: 'audio_nsfw' ---
2026-04-11 19:03:41,391 - INFO - --- Step 2/6: 'wan_2.2_step0' ---
2026-04-11 19:03:41,930 - INFO - DEBUG: Staged lat_1dk16bwc_00001_.latent for next step.
2026-04-11 19:03:41,930 - INFO - --- Step 3/6: 'wan_2.2_step1' ---
2026-04-11 19:03:42,435 - INFO - --- Step 4/6: 'wan_2.2_step2' ---
2026-04-11 19:03:42,942 - INFO - --- Step 5/6: 'wan_2.2_step3' ---
2026-04-11 19:03:43,448 - INFO - --- Step 6/6: 'FlashSVR' ---
2026-04-11 19:03:43,953 - INFO - --- Task 'wan2.2' FINISHED ---
2026-04-11 19:04:17,661 - INFO - --- Starting Task 'wan2.2' ---
2026-04-11 19:04:17,664 - INFO - --- Step 1/6: 'audio_nsfw' ---
2026-04-11 19:04:17,664 - INFO - --- Step 2/6: 'wan_2.2_step0' ---
2026-04-11 19:04:28,232 - INFO - DEBUG: Staged lat_sdpoax6l_00001_.latent for next step.
2026-04-11 19:04:28,232 - INFO - --- Step 3/6: 'wan_2.2_step1' ---
2026-04-11 19:04:28,739 - INFO - --- Step 4/6: 'wan_2.2_step2' ---
2026-04-11 19:04:29,246 - INFO - --- Step 5/6: 'wan_2.2_step3' ---
2026-04-11 19:04:29,752 - INFO - --- Step 6/6: 'FlashSVR' ---
2026-04-11 19:04:30,274 - INFO - --- Task 'wan2.2' FINISHED ---
2026-04-11 19:17:20,459 - INFO - --- Starting Task 'wan2.2' ---
2026-04-11 19:17:20,462 - INFO - --- Step 1/6: 'audio_nsfw' ---
2026-04-11 19:17:20,462 - INFO - --- Step 2/6: 'wan_2.2_step0' ---
2026-04-11 19:17:31,008 - INFO - DEBUG: Staged Step 1 Latent: lat_0obb32iq_s1_00001_.latent
2026-04-11 19:17:31,008 - INFO - --- Step 3/6: 'wan_2.2_step1' ---
2026-04-11 19:17:36,530 - INFO - DEBUG: Staged Step 2 Latent: lat_0obb32iq_s2_00001_.latent
2026-04-11 19:17:36,530 - INFO - --- Step 4/6: 'wan_2.2_step2' ---
2026-04-11 19:17:37,045 - INFO - DEBUG: Staged Step 3 Latent: lat_0obb32iq_s3_00001_.latent
2026-04-11 19:17:37,045 - INFO - --- Step 5/6: 'wan_2.2_step3' ---
2026-04-11 19:17:42,562 - INFO - --- Step 6/6: 'FlashSVR' ---
2026-04-11 19:17:43,082 - INFO - --- Task 'wan2.2' FINISHED ---
2026-04-11 19:38:23,821 - INFO - --- Starting Task 'wan2.2' ---
2026-04-11 19:38:23,825 - INFO - --- Step 1/6: 'audio_nsfw' ---
2026-04-11 19:38:23,825 - INFO - --- Step 2/6: 'wan_2.2_step0' ---
2026-04-11 19:38:34,343 - INFO - DEBUG: Staged Step 1 Latent: lat_wht2vago_s1_00001_.latent
2026-04-11 19:38:34,343 - INFO - --- Step 3/6: 'wan_2.2_step1' ---
2026-04-11 19:38:34,862 - INFO - --- Step 4/6: 'wan_2.2_step2' ---
2026-04-11 19:38:35,367 - INFO - --- Step 5/6: 'wan_2.2_step3' ---
2026-04-11 19:38:40,877 - INFO - --- Step 6/6: 'FlashSVR' ---
2026-04-11 19:38:41,404 - INFO - --- Task 'wan2.2' FINISHED ---
2026-04-11 19:48:09,931 - INFO - --- Starting Task 'custom' ---
2026-04-11 19:48:09,935 - INFO - --- Step 1/1: 'audio_nsfw' ---
2026-04-11 19:48:09,935 - INFO - --- Task 'custom' FINISHED ---
2026-04-11 19:48:19,413 - INFO - --- Starting Task 'wan2.2' ---
2026-04-11 19:48:19,416 - INFO - --- Step 1/6: 'audio_nsfw' ---
2026-04-11 19:48:19,416 - INFO - --- Step 2/6: 'wan_2.2_step0' ---
2026-04-11 19:48:29,964 - INFO - DEBUG: Staged Step 1 Latent: lat_8v8tb6qh_s1_00001_.latent
2026-04-11 19:48:29,964 - INFO - --- Step 3/6: 'wan_2.2_step1' ---
2026-04-11 19:48:50,520 - INFO - DEBUG: Staged Step 2 Latent: lat_8v8tb6qh_s2_00001_.latent
2026-04-11 19:48:50,520 - INFO - --- Step 4/6: 'wan_2.2_step2' ---
2026-04-11 19:49:16,067 - INFO - DEBUG: Staged Step 3 Latent: lat_8v8tb6qh_s3_00001_.latent
2026-04-11 19:49:16,067 - INFO - --- Step 5/6: 'wan_2.2_step3' ---
2026-04-11 19:49:31,613 - INFO - --- Step 6/6: 'FlashSVR' ---
2026-04-11 19:49:32,120 - INFO - --- Task 'wan2.2' FINISHED ---
2026-04-11 20:02:49,108 - INFO - --- Starting Task 'custom' ---
2026-04-11 20:02:49,113 - INFO - --- Step 1/1: 'audio_nsfw' ---
2026-04-11 20:02:49,113 - INFO - DEBUG: Skipping audio for vlf9snyy
2026-04-11 20:02:49,113 - INFO - --- Task 'custom' FINISHED ---
2026-04-11 20:02:52,788 - INFO - --- Starting Task 'wan2.2' ---
2026-04-11 20:02:52,791 - INFO - --- Step 1/6: 'audio_nsfw' ---
2026-04-11 20:02:52,791 - INFO - DEBUG: Skipping audio for 9xj7tmvm
2026-04-11 20:02:52,791 - INFO - --- Step 2/6: 'wan_2.2_step0' ---
2026-04-11 20:03:02,807 - INFO - DEBUG: Staged 9xj7tmvm Step 1: lat_9xj7tmvm_s1_00001_.latent
2026-04-11 20:03:03,308 - INFO - --- Step 3/6: 'wan_2.2_step1' ---
2026-04-11 20:03:03,816 - INFO - --- Step 4/6: 'wan_2.2_step2' ---
2026-04-11 20:03:04,324 - INFO - --- Step 5/6: 'wan_2.2_step3' ---
2026-04-11 20:03:09,836 - INFO - --- Step 6/6: 'FlashSVR' ---
2026-04-11 20:03:09,836 - INFO - DEBUG: Skipping FlashSVR for 9xj7tmvm
2026-04-11 20:03:09,837 - INFO - --- Task 'wan2.2' FINISHED ---
2026-04-11 20:06:50,703 - INFO - --- Starting Task 'wan2.2' ---
2026-04-11 20:06:50,707 - INFO - --- Step 1/6: 'audio_nsfw' ---
2026-04-11 20:06:50,707 - INFO - DEBUG: Skipping audio for 27kb8s21
2026-04-11 20:06:50,707 - INFO - --- Step 2/6: 'wan_2.2_step0' ---
2026-04-11 20:07:00,743 - INFO - DEBUG: Staged 27kb8s21 Step 1: lat_27kb8s21_s1_00001_.latent
2026-04-11 20:07:01,243 - INFO - --- Step 3/6: 'wan_2.2_step1' ---
2026-04-11 20:07:21,272 - INFO - DEBUG: Staged 27kb8s21 Step 2: lat_27kb8s21_s2_00001_.latent
2026-04-11 20:07:21,772 - INFO - --- Step 4/6: 'wan_2.2_step2' ---
2026-04-11 20:07:46,829 - INFO - DEBUG: Staged 27kb8s21 Step 3: lat_27kb8s21_s3_00001_.latent
2026-04-11 20:07:47,329 - INFO - --- Step 5/6: 'wan_2.2_step3' ---
2026-04-11 20:07:52,874 - INFO - --- Step 6/6: 'FlashSVR' ---
2026-04-11 20:07:52,874 - INFO - DEBUG: Skipping FlashSVR for 27kb8s21
2026-04-11 20:07:52,874 - INFO - --- Task 'wan2.2' FINISHED ---
2026-04-12 13:41:43,815 - INFO - --- Starting Task 'wan2.2' ---
2026-04-12 13:41:43,819 - INFO - --- Step 1/6: 'audio_nsfw' ---
2026-04-12 13:41:43,819 - INFO - DEBUG: Skipping audio for 1m9h6l7u
2026-04-12 13:41:43,819 - INFO - --- Step 2/6: 'wan_2.2_step0' ---
2026-04-12 13:41:44,331 - INFO - --- Step 3/6: 'wan_2.2_step1' ---
2026-04-12 13:41:44,839 - INFO - --- Step 4/6: 'wan_2.2_step2' ---
2026-04-12 13:41:45,360 - INFO - --- Step 5/6: 'wan_2.2_step3' ---
2026-04-12 13:41:45,866 - INFO - --- Step 6/6: 'FlashSVR' ---
2026-04-12 13:41:45,866 - INFO - DEBUG: Skipping FlashSVR for 1m9h6l7u
2026-04-12 13:41:45,869 - INFO - CLEANUP: Deleted 1m9h6l7u.png from input/
2026-04-12 13:41:45,869 - INFO - --- Task 'wan2.2' FINISHED ---
2026-04-12 15:52:31,232 - INFO - --- Starting Task 'wan2.2' ---
2026-04-12 15:52:31,235 - INFO - --- Step 1/6: 'audio_nsfw' ---
2026-04-12 15:52:31,235 - INFO - DEBUG: Skipping audio for v7r2v98d
2026-04-12 15:52:31,235 - INFO - --- Step 2/6: 'wan_2.2_step0' ---
2026-04-12 15:52:46,811 - INFO - --- Step 3/6: 'wan_2.2_step1' ---
2026-04-12 15:52:47,316 - INFO - --- Step 4/6: 'wan_2.2_step2' ---
2026-04-12 15:52:47,821 - INFO - --- Step 5/6: 'wan_2.2_step3' ---
2026-04-12 15:52:48,326 - INFO - --- Step 6/6: 'FlashSVR' ---
2026-04-12 15:52:48,326 - INFO - DEBUG: Skipping FlashSVR for v7r2v98d
2026-04-12 15:52:48,327 - INFO - CLEANUP: Deleted v7r2v98d.png from input/
2026-04-12 15:52:48,328 - INFO - --- Task 'wan2.2' FINISHED ---
2026-04-12 16:11:16,055 - INFO - --- Starting Task 'wan2.2' ---
2026-04-12 16:11:16,058 - INFO - --- Step 1/6: 'audio_nsfw' ---
2026-04-12 16:11:16,058 - INFO - DEBUG: Skipping audio for xix7um0f
2026-04-12 16:11:16,058 - INFO - --- Step 2/6: 'wan_2.2_step0' ---
2026-04-12 16:11:21,588 - INFO - --- Step 3/6: 'wan_2.2_step1' ---
2026-04-12 16:11:52,110 - INFO - --- Step 4/6: 'wan_2.2_step2' ---
2026-04-12 16:12:37,659 - INFO - --- Step 5/6: 'wan_2.2_step3' ---
2026-04-12 16:12:48,191 - INFO - --- Step 6/6: 'FlashSVR' ---
2026-04-12 16:12:48,191 - INFO - DEBUG: Skipping FlashSVR for xix7um0f
2026-04-12 16:12:48,191 - INFO - CLEANUP: Deleted pos_xix7um0f.pt
2026-04-12 16:12:48,192 - INFO - CLEANUP: Deleted neg_xix7um0f.pt
2026-04-12 16:12:48,192 - INFO - CLEANUP: Deleted lat_xix7um0f_s0_00001_.latent
2026-04-12 16:12:48,193 - INFO - CLEANUP: Deleted lat_xix7um0f_s1_00001_.latent
2026-04-12 16:12:48,193 - INFO - CLEANUP: Deleted lat_xix7um0f_s2_00001_.latent
2026-04-12 16:12:48,194 - INFO - CLEANUP: Deleted xix7um0f.png from input/
2026-04-12 16:12:48,194 - INFO - --- Task 'wan2.2' FINISHED ---
2026-04-12 16:15:17,104 - INFO - --- Starting Task 'wan2.2' ---
2026-04-12 16:15:17,111 - INFO - --- Step 1/6: 'audio_nsfw' ---
2026-04-12 16:15:17,111 - INFO - DEBUG: Skipping audio for 3m8dg56i
2026-04-12 16:15:17,111 - INFO - DEBUG: Skipping audio for lmyw3gmx
2026-04-12 16:15:17,111 - INFO - DEBUG: Skipping audio for 3t47k68j
2026-04-12 16:15:17,111 - INFO - --- Step 2/6: 'wan_2.2_step0' ---
2026-04-12 16:15:58,726 - INFO - --- Step 3/6: 'wan_2.2_step1' ---
2026-04-12 16:17:20,409 - INFO - --- Step 4/6: 'wan_2.2_step2' ---
2026-04-12 16:19:42,168 - INFO - --- Step 5/6: 'wan_2.2_step3' ---
2026-04-12 16:20:13,867 - INFO - --- Step 6/6: 'FlashSVR' ---
2026-04-12 16:20:13,867 - INFO - DEBUG: Skipping FlashSVR for 3m8dg56i
2026-04-12 16:20:13,867 - INFO - DEBUG: Skipping FlashSVR for lmyw3gmx
2026-04-12 16:20:13,867 - INFO - DEBUG: Skipping FlashSVR for 3t47k68j
2026-04-12 16:20:13,868 - INFO - CLEANUP: Deleted pos_3m8dg56i.pt
2026-04-12 16:20:13,868 - INFO - CLEANUP: Deleted neg_3m8dg56i.pt
2026-04-12 16:20:13,868 - INFO - CLEANUP: Deleted lat_3m8dg56i_s0_00001_.latent
2026-04-12 16:20:13,869 - INFO - CLEANUP: Deleted lat_3m8dg56i_s1_00001_.latent
2026-04-12 16:20:13,870 - INFO - CLEANUP: Deleted lat_3m8dg56i_s2_00001_.latent
2026-04-12 16:20:13,870 - INFO - CLEANUP: Deleted 3m8dg56i.png from input/
2026-04-12 16:20:13,870 - INFO - CLEANUP: Deleted pos_lmyw3gmx.pt
2026-04-12 16:20:13,871 - INFO - CLEANUP: Deleted neg_lmyw3gmx.pt
2026-04-12 16:20:13,871 - INFO - CLEANUP: Deleted lat_lmyw3gmx_s0_00001_.latent
2026-04-12 16:20:13,871 - INFO - CLEANUP: Deleted lat_lmyw3gmx_s1_00001_.latent
2026-04-12 16:20:13,873 - INFO - CLEANUP: Deleted lat_lmyw3gmx_s2_00001_.latent
2026-04-12 16:20:13,873 - INFO - CLEANUP: Deleted lmyw3gmx.png from input/
2026-04-12 16:20:13,876 - INFO - CLEANUP: Deleted pos_3t47k68j.pt
2026-04-12 16:20:13,879 - INFO - CLEANUP: Deleted neg_3t47k68j.pt
2026-04-12 16:20:13,880 - INFO - CLEANUP: Deleted lat_3t47k68j_s0_00001_.latent
2026-04-12 16:20:13,881 - INFO - CLEANUP: Deleted lat_3t47k68j_s1_00001_.latent
2026-04-12 16:20:13,883 - INFO - CLEANUP: Deleted lat_3t47k68j_s2_00001_.latent
2026-04-12 16:20:13,883 - INFO - CLEANUP: Deleted 3t47k68j.png from input/
2026-04-12 16:20:13,884 - INFO - --- Task 'wan2.2' FINISHED ---
2026-04-12 16:29:53,093 - INFO - --- Starting Task 'wan2.2' ---
2026-04-12 16:29:53,100 - INFO - --- Step 1/6: 'audio_nsfw' ---
2026-04-12 16:29:53,101 - INFO - DEBUG: Skipping audio for go20kxvh
2026-04-12 16:29:53,101 - INFO - DEBUG: Skipping audio for ol8u8fa0
2026-04-12 16:29:53,101 - INFO - DEBUG: Skipping audio for 8lx1ucac
2026-04-12 16:29:53,101 - INFO - --- Step 2/6: 'wan_2.2_step0' ---
2026-04-12 16:30:54,665 - INFO - --- Step 3/6: 'wan_2.2_step1' ---
2026-04-12 16:36:01,409 - INFO - --- Step 4/6: 'wan_2.2_step2' ---
2026-04-12 16:45:38,696 - INFO - --- Step 5/6: 'wan_2.2_step3' ---
2026-04-12 16:46:55,357 - INFO - --- Step 6/6: 'FlashSVR' ---
2026-04-12 16:46:55,357 - INFO - DEBUG: Skipping FlashSVR for go20kxvh
2026-04-12 16:46:55,357 - INFO - DEBUG: Skipping FlashSVR for ol8u8fa0
2026-04-12 16:46:55,358 - INFO - DEBUG: Skipping FlashSVR for 8lx1ucac
2026-04-12 16:46:55,358 - INFO - CLEANUP: Deleted pos_go20kxvh.pt
2026-04-12 16:46:55,359 - INFO - CLEANUP: Deleted neg_go20kxvh.pt
2026-04-12 16:46:55,360 - INFO - CLEANUP: Deleted lat_go20kxvh_s0_00001_.latent
2026-04-12 16:46:55,361 - INFO - CLEANUP: Deleted lat_go20kxvh_s1_00001_.latent
2026-04-12 16:46:55,364 - INFO - CLEANUP: Deleted lat_go20kxvh_s2_00001_.latent
2026-04-12 16:46:55,365 - INFO - CLEANUP: Deleted go20kxvh.png from input/
2026-04-12 16:46:55,369 - INFO - CLEANUP: Deleted pos_ol8u8fa0.pt
2026-04-12 16:46:55,374 - INFO - CLEANUP: Deleted neg_ol8u8fa0.pt
2026-04-12 16:46:55,374 - INFO - CLEANUP: Deleted lat_ol8u8fa0_s0_00001_.latent
2026-04-12 16:46:55,378 - INFO - CLEANUP: Deleted lat_ol8u8fa0_s1_00001_.latent
2026-04-12 16:46:55,382 - INFO - CLEANUP: Deleted lat_ol8u8fa0_s2_00001_.latent
2026-04-12 16:46:55,382 - INFO - CLEANUP: Deleted ol8u8fa0.png from input/
2026-04-12 16:46:55,387 - INFO - CLEANUP: Deleted pos_8lx1ucac.pt
2026-04-12 16:46:55,391 - INFO - CLEANUP: Deleted neg_8lx1ucac.pt
2026-04-12 16:46:55,392 - INFO - CLEANUP: Deleted lat_8lx1ucac_s0_00001_.latent
2026-04-12 16:46:55,403 - INFO - CLEANUP: Deleted lat_8lx1ucac_s1_00001_.latent
2026-04-12 16:46:55,407 - INFO - CLEANUP: Deleted lat_8lx1ucac_s2_00001_.latent
2026-04-12 16:46:55,408 - INFO - CLEANUP: Deleted 8lx1ucac.png from input/
2026-04-12 16:46:55,408 - INFO - --- Task 'wan2.2' FINISHED ---
2026-04-12 17:00:17,125 - INFO - --- Starting Task 'wan2.2' ---
2026-04-12 17:00:17,132 - INFO - --- Step 1/6: 'audio_nsfw' ---
2026-04-12 17:00:17,132 - INFO - DEBUG: Skipping audio for wdatmybr
2026-04-12 17:00:17,132 - INFO - DEBUG: Skipping audio for 8l5rxme4
2026-04-12 17:00:17,132 - INFO - DEBUG: Skipping audio for d4dpzwf1
2026-04-12 17:00:17,132 - INFO - DEBUG: Skipping audio for haab4vv3
2026-04-12 17:00:17,132 - INFO - --- Step 2/6: 'wan_2.2_step0' ---
2026-04-12 17:01:29,211 - INFO - --- Step 3/6: 'wan_2.2_step1' ---
2026-04-12 17:07:56,912 - INFO - --- Step 4/6: 'wan_2.2_step2' ---
2026-04-12 17:20:44,831 - INFO - --- Step 5/6: 'wan_2.2_step3' ---
2026-04-12 17:22:27,059 - INFO - --- Step 6/6: 'FlashSVR' ---
2026-04-12 17:22:27,059 - INFO - DEBUG: Skipping FlashSVR for wdatmybr
2026-04-12 17:22:27,059 - INFO - DEBUG: Skipping FlashSVR for 8l5rxme4
2026-04-12 17:22:27,059 - INFO - DEBUG: Skipping FlashSVR for d4dpzwf1
2026-04-12 17:22:27,059 - INFO - DEBUG: Skipping FlashSVR for haab4vv3
2026-04-12 17:22:27,059 - INFO - CLEANUP: Deleted pos_wdatmybr.pt
2026-04-12 17:22:27,059 - INFO - CLEANUP: Deleted neg_wdatmybr.pt
2026-04-12 17:22:27,060 - INFO - CLEANUP: Deleted lat_wdatmybr_s0_00001_.latent
2026-04-12 17:22:27,061 - INFO - CLEANUP: Deleted lat_wdatmybr_s1_00001_.latent
2026-04-12 17:22:27,063 - INFO - CLEANUP: Deleted lat_wdatmybr_s2_00001_.latent
2026-04-12 17:22:27,064 - INFO - CLEANUP: Deleted wdatmybr.png from input/
2026-04-12 17:22:27,066 - INFO - CLEANUP: Deleted pos_8l5rxme4.pt
2026-04-12 17:22:27,069 - INFO - CLEANUP: Deleted neg_8l5rxme4.pt
2026-04-12 17:22:27,070 - INFO - CLEANUP: Deleted lat_8l5rxme4_s0_00001_.latent
2026-04-12 17:22:27,072 - INFO - CLEANUP: Deleted lat_8l5rxme4_s1_00001_.latent
2026-04-12 17:22:27,074 - INFO - CLEANUP: Deleted lat_8l5rxme4_s2_00001_.latent
2026-04-12 17:22:27,074 - INFO - CLEANUP: Deleted 8l5rxme4.png from input/
2026-04-12 17:22:27,077 - INFO - CLEANUP: Deleted pos_d4dpzwf1.pt
2026-04-12 17:22:27,079 - INFO - CLEANUP: Deleted neg_d4dpzwf1.pt
2026-04-12 17:22:27,084 - INFO - CLEANUP: Deleted lat_d4dpzwf1_s0_00001_.latent
2026-04-12 17:22:27,086 - INFO - CLEANUP: Deleted lat_d4dpzwf1_s1_00001_.latent
2026-04-12 17:22:27,089 - INFO - CLEANUP: Deleted lat_d4dpzwf1_s2_00001_.latent
2026-04-12 17:22:27,090 - INFO - CLEANUP: Deleted d4dpzwf1.png from input/
2026-04-12 17:22:27,094 - INFO - CLEANUP: Deleted pos_haab4vv3.pt
2026-04-12 17:22:27,099 - INFO - CLEANUP: Deleted neg_haab4vv3.pt
2026-04-12 17:22:27,100 - INFO - CLEANUP: Deleted lat_haab4vv3_s0_00001_.latent
2026-04-12 17:22:27,103 - INFO - CLEANUP: Deleted lat_haab4vv3_s1_00001_.latent
2026-04-12 17:22:27,106 - INFO - CLEANUP: Deleted lat_haab4vv3_s2_00001_.latent
2026-04-12 17:22:27,107 - INFO - CLEANUP: Deleted haab4vv3.png from input/
2026-04-12 17:22:27,107 - INFO - --- Task 'wan2.2' FINISHED ---
2026-04-12 17:55:08,714 - INFO - --- Starting Task 'wan2.2' ---
2026-04-12 17:55:08,723 - INFO - --- Step 1/6: 'audio_nsfw' ---
2026-04-12 17:55:08,723 - INFO - DEBUG: Skipping audio for eyfpmebq
2026-04-12 17:55:08,723 - INFO - DEBUG: Skipping audio for syi31p5o
2026-04-12 17:55:08,723 - INFO - DEBUG: Skipping audio for ol2j9wxn
2026-04-12 17:55:08,723 - INFO - DEBUG: Skipping audio for j9xv7oud
2026-04-12 17:55:08,723 - INFO - --- Step 2/6: 'wan_2.2_step0' ---
2026-04-12 17:56:00,805 - INFO - --- Step 3/6: 'wan_2.2_step1' ---
2026-04-12 17:58:48,538 - INFO - --- Step 4/6: 'wan_2.2_step2' ---
2026-04-12 18:05:02,401 - INFO - --- Step 5/6: 'wan_2.2_step3' ---
2026-04-12 18:06:04,660 - INFO - --- Step 6/6: 'FlashSVR' ---
2026-04-12 18:06:04,660 - INFO - DEBUG: Skipping FlashSVR for eyfpmebq
2026-04-12 18:06:04,660 - INFO - DEBUG: Skipping FlashSVR for syi31p5o
2026-04-12 18:06:04,660 - INFO - DEBUG: Skipping FlashSVR for ol2j9wxn
2026-04-12 18:06:04,660 - INFO - DEBUG: Skipping FlashSVR for j9xv7oud
2026-04-12 18:06:04,660 - INFO - CLEANUP: Deleted pos_eyfpmebq.pt
2026-04-12 18:06:04,661 - INFO - CLEANUP: Deleted neg_eyfpmebq.pt
2026-04-12 18:06:04,662 - INFO - CLEANUP: Deleted lat_eyfpmebq_s0_00001_.latent
2026-04-12 18:06:04,663 - INFO - CLEANUP: Deleted lat_eyfpmebq_s1_00001_.latent
2026-04-12 18:06:04,664 - INFO - CLEANUP: Deleted lat_eyfpmebq_s2_00001_.latent
2026-04-12 18:06:04,664 - INFO - CLEANUP: Deleted eyfpmebq.png from input/
2026-04-12 18:06:04,665 - INFO - CLEANUP: Deleted pos_syi31p5o.pt
2026-04-12 18:06:04,665 - INFO - CLEANUP: Deleted neg_syi31p5o.pt
2026-04-12 18:06:04,665 - INFO - CLEANUP: Deleted lat_syi31p5o_s0_00001_.latent
2026-04-12 18:06:04,666 - INFO - CLEANUP: Deleted lat_syi31p5o_s1_00001_.latent
2026-04-12 18:06:04,667 - INFO - CLEANUP: Deleted lat_syi31p5o_s2_00001_.latent
2026-04-12 18:06:04,667 - INFO - CLEANUP: Deleted syi31p5o.png from input/
2026-04-12 18:06:04,668 - INFO - CLEANUP: Deleted pos_ol2j9wxn.pt
2026-04-12 18:06:04,668 - INFO - CLEANUP: Deleted neg_ol2j9wxn.pt
2026-04-12 18:06:04,668 - INFO - CLEANUP: Deleted lat_ol2j9wxn_s0_00001_.latent
2026-04-12 18:06:04,669 - INFO - CLEANUP: Deleted lat_ol2j9wxn_s1_00001_.latent
2026-04-12 18:06:04,670 - INFO - CLEANUP: Deleted lat_ol2j9wxn_s2_00001_.latent
2026-04-12 18:06:04,671 - INFO - CLEANUP: Deleted ol2j9wxn.png from input/
2026-04-12 18:06:04,673 - INFO - CLEANUP: Deleted pos_j9xv7oud.pt
2026-04-12 18:06:04,674 - INFO - CLEANUP: Deleted neg_j9xv7oud.pt
2026-04-12 18:06:04,674 - INFO - CLEANUP: Deleted lat_j9xv7oud_s0_00001_.latent
2026-04-12 18:06:04,676 - INFO - CLEANUP: Deleted lat_j9xv7oud_s1_00001_.latent
2026-04-12 18:06:04,677 - INFO - CLEANUP: Deleted lat_j9xv7oud_s2_00001_.latent
2026-04-12 18:06:04,677 - INFO - CLEANUP: Deleted j9xv7oud.png from input/
2026-04-12 18:06:04,677 - INFO - --- Task 'wan2.2' FINISHED ---
