2026-04-11 17:38:50,750 - INFO - --- Starting Task 'wan2.2' ---
2026-04-11 17:38:50,755 - INFO - --- Step 1/6: 'audio_nsfw' ---
2026-04-11 17:38:50,755 - INFO - --- Step 2/6: 'wan_2.2_step0' ---
2026-04-11 17:38:52,318 - INFO - --- Step 3/6: 'wan_2.2_step1' ---
2026-04-11 17:38:53,847 - INFO - --- Step 4/6: 'wan_2.2_step2' ---
2026-04-11 17:38:55,397 - INFO - --- Step 5/6: 'wan_2.2_step3' ---
2026-04-11 17:38:56,914 - INFO - --- Step 6/6: 'FlashSVR' ---
2026-04-11 17:38:58,433 - INFO - --- Task 'wan2.2' FINISHED ---
2026-04-11 17:41:00,615 - INFO - --- Starting Task 'wan2.2' ---
2026-04-11 17:41:00,618 - INFO - --- Step 1/6: 'audio_nsfw' ---
2026-04-11 17:41:00,618 - INFO - --- Step 2/6: 'wan_2.2_step0' ---
2026-04-11 17:41:11,177 - INFO - --- Step 3/6: 'wan_2.2_step1' ---
2026-04-11 17:41:11,683 - INFO - --- Step 4/6: 'wan_2.2_step2' ---
2026-04-11 17:41:12,190 - INFO - --- Step 5/6: 'wan_2.2_step3' ---
2026-04-11 17:41:12,698 - INFO - --- Step 6/6: 'FlashSVR' ---
2026-04-11 17:41:13,203 - INFO - --- Task 'wan2.2' FINISHED ---
2026-04-11 18:10:16,645 - INFO - --- Starting Task 'wan2.2' ---
2026-04-11 18:10:16,649 - INFO - --- Step 1/6: 'audio_nsfw' ---
2026-04-11 18:10:16,649 - INFO - --- Step 2/6: 'wan_2.2_step0' ---
2026-04-11 18:10:17,183 - INFO - DEBUG: Staged POS: pos_cmpy8oyu_20260411_181016.pt
2026-04-11 18:10:17,186 - INFO - DEBUG: Staged NEG: neg_cmpy8oyu_20260411_181016.pt
2026-04-11 18:10:17,187 - INFO - --- Step 3/6: 'wan_2.2_step1' ---
2026-04-11 18:10:17,693 - INFO - --- Step 4/6: 'wan_2.2_step2' ---
2026-04-11 18:10:18,199 - INFO - --- Step 5/6: 'wan_2.2_step3' ---
2026-04-11 18:10:18,704 - INFO - --- Step 6/6: 'FlashSVR' ---
2026-04-11 18:10:19,211 - INFO - --- Task 'wan2.2' FINISHED ---
2026-04-11 18:20:54,536 - INFO - --- Starting Task 'custom' ---
2026-04-11 18:20:54,540 - INFO - --- Step 1/1: 'audio_nsfw' ---
2026-04-11 18:20:54,540 - INFO - --- Task 'custom' FINISHED ---
2026-04-11 18:21:00,840 - INFO - --- Starting Task 'wan2.2' ---
2026-04-11 18:21:00,843 - INFO - --- Step 1/6: 'audio_nsfw' ---
2026-04-11 18:21:00,843 - INFO - --- Step 2/6: 'wan_2.2_step0' ---
2026-04-11 18:21:01,357 - INFO - DEBUG: Staged NEG: neg_0d8r2eke_20260411_182100.pt
2026-04-11 18:21:01,357 - INFO - --- Step 3/6: 'wan_2.2_step1' ---
2026-04-11 18:21:06,877 - INFO - DEBUG: Staged NEG: neg_0d8r2eke_20260411_182100.pt
2026-04-11 18:21:06,877 - INFO - --- Step 4/6: 'wan_2.2_step2' ---
2026-04-11 18:21:07,406 - INFO - DEBUG: Staged NEG: neg_0d8r2eke_20260411_182100.pt
2026-04-11 18:21:07,406 - INFO - --- Step 5/6: 'wan_2.2_step3' ---
2026-04-11 18:21:12,939 - INFO - DEBUG: Staged NEG: neg_0d8r2eke_20260411_182100.pt
2026-04-11 18:21:12,939 - INFO - --- Step 6/6: 'FlashSVR' ---
2026-04-11 18:21:13,446 - INFO - --- Task 'wan2.2' FINISHED ---
2026-04-11 18:42:15,869 - INFO - --- Starting Task 'wan2.2' ---
2026-04-11 18:42:15,873 - INFO - --- Step 1/6: 'audio_nsfw' ---
2026-04-11 18:42:15,873 - INFO - --- Step 2/6: 'wan_2.2_step0' ---
2026-04-11 18:42:26,469 - INFO - --- Step 3/6: 'wan_2.2_step1' ---
2026-04-11 18:42:26,974 - INFO - --- Step 4/6: 'wan_2.2_step2' ---
2026-04-11 18:42:27,480 - INFO - --- Step 5/6: 'wan_2.2_step3' ---
2026-04-11 18:42:27,985 - INFO - --- Step 6/6: 'FlashSVR' ---
2026-04-11 18:42:28,491 - INFO - --- Task 'wan2.2' FINISHED ---
2026-04-11 18:49:56,802 - INFO - --- Starting Task 'wan2.2' ---
2026-04-11 18:49:56,805 - INFO - --- Step 1/6: 'audio_nsfw' ---
2026-04-11 18:49:56,805 - INFO - --- Step 2/6: 'wan_2.2_step0' ---
2026-04-11 18:49:57,330 - INFO - --- Step 3/6: 'wan_2.2_step1' ---
2026-04-11 18:49:57,834 - INFO - --- Step 4/6: 'wan_2.2_step2' ---
2026-04-11 18:49:58,339 - INFO - --- Step 5/6: 'wan_2.2_step3' ---
2026-04-11 18:49:58,845 - INFO - --- Step 6/6: 'FlashSVR' ---
2026-04-11 18:49:59,366 - INFO - --- Task 'wan2.2' FINISHED ---
2026-04-11 19:03:41,387 - INFO - --- Starting Task 'wan2.2' ---
2026-04-11 19:03:41,391 - INFO - --- Step 1/6: 'audio_nsfw' ---
2026-04-11 19:03:41,391 - INFO - --- Step 2/6: 'wan_2.2_step0' ---
2026-04-11 19:03:41,930 - INFO - DEBUG: Staged lat_1dk16bwc_00001_.latent for next step.
2026-04-11 19:03:41,930 - INFO - --- Step 3/6: 'wan_2.2_step1' ---
2026-04-11 19:03:42,435 - INFO - --- Step 4/6: 'wan_2.2_step2' ---
2026-04-11 19:03:42,942 - INFO - --- Step 5/6: 'wan_2.2_step3' ---
2026-04-11 19:03:43,448 - INFO - --- Step 6/6: 'FlashSVR' ---
2026-04-11 19:03:43,953 - INFO - --- Task 'wan2.2' FINISHED ---
2026-04-11 19:04:17,661 - INFO - --- Starting Task 'wan2.2' ---
2026-04-11 19:04:17,664 - INFO - --- Step 1/6: 'audio_nsfw' ---
2026-04-11 19:04:17,664 - INFO - --- Step 2/6: 'wan_2.2_step0' ---
2026-04-11 19:04:28,232 - INFO - DEBUG: Staged lat_sdpoax6l_00001_.latent for next step.
2026-04-11 19:04:28,232 - INFO - --- Step 3/6: 'wan_2.2_step1' ---
2026-04-11 19:04:28,739 - INFO - --- Step 4/6: 'wan_2.2_step2' ---
2026-04-11 19:04:29,246 - INFO - --- Step 5/6: 'wan_2.2_step3' ---
2026-04-11 19:04:29,752 - INFO - --- Step 6/6: 'FlashSVR' ---
2026-04-11 19:04:30,274 - INFO - --- Task 'wan2.2' FINISHED ---
2026-04-11 19:17:20,459 - INFO - --- Starting Task 'wan2.2' ---
2026-04-11 19:17:20,462 - INFO - --- Step 1/6: 'audio_nsfw' ---
2026-04-11 19:17:20,462 - INFO - --- Step 2/6: 'wan_2.2_step0' ---
2026-04-11 19:17:31,008 - INFO - DEBUG: Staged Step 1 Latent: lat_0obb32iq_s1_00001_.latent
2026-04-11 19:17:31,008 - INFO - --- Step 3/6: 'wan_2.2_step1' ---
2026-04-11 19:17:36,530 - INFO - DEBUG: Staged Step 2 Latent: lat_0obb32iq_s2_00001_.latent
2026-04-11 19:17:36,530 - INFO - --- Step 4/6: 'wan_2.2_step2' ---
2026-04-11 19:17:37,045 - INFO - DEBUG: Staged Step 3 Latent: lat_0obb32iq_s3_00001_.latent
2026-04-11 19:17:37,045 - INFO - --- Step 5/6: 'wan_2.2_step3' ---
2026-04-11 19:17:42,562 - INFO - --- Step 6/6: 'FlashSVR' ---
2026-04-11 19:17:43,082 - INFO - --- Task 'wan2.2' FINISHED ---
2026-04-11 19:38:23,821 - INFO - --- Starting Task 'wan2.2' ---
2026-04-11 19:38:23,825 - INFO - --- Step 1/6: 'audio_nsfw' ---
2026-04-11 19:38:23,825 - INFO - --- Step 2/6: 'wan_2.2_step0' ---
2026-04-11 19:38:34,343 - INFO - DEBUG: Staged Step 1 Latent: lat_wht2vago_s1_00001_.latent
2026-04-11 19:38:34,343 - INFO - --- Step 3/6: 'wan_2.2_step1' ---
2026-04-11 19:38:34,862 - INFO - --- Step 4/6: 'wan_2.2_step2' ---
2026-04-11 19:38:35,367 - INFO - --- Step 5/6: 'wan_2.2_step3' ---
2026-04-11 19:38:40,877 - INFO - --- Step 6/6: 'FlashSVR' ---
2026-04-11 19:38:41,404 - INFO - --- Task 'wan2.2' FINISHED ---
2026-04-11 19:48:09,931 - INFO - --- Starting Task 'custom' ---
2026-04-11 19:48:09,935 - INFO - --- Step 1/1: 'audio_nsfw' ---
2026-04-11 19:48:09,935 - INFO - --- Task 'custom' FINISHED ---
2026-04-11 19:48:19,413 - INFO - --- Starting Task 'wan2.2' ---
2026-04-11 19:48:19,416 - INFO - --- Step 1/6: 'audio_nsfw' ---
2026-04-11 19:48:19,416 - INFO - --- Step 2/6: 'wan_2.2_step0' ---
2026-04-11 19:48:29,964 - INFO - DEBUG: Staged Step 1 Latent: lat_8v8tb6qh_s1_00001_.latent
2026-04-11 19:48:29,964 - INFO - --- Step 3/6: 'wan_2.2_step1' ---
2026-04-11 19:48:50,520 - INFO - DEBUG: Staged Step 2 Latent: lat_8v8tb6qh_s2_00001_.latent
2026-04-11 19:48:50,520 - INFO - --- Step 4/6: 'wan_2.2_step2' ---
2026-04-11 19:49:16,067 - INFO - DEBUG: Staged Step 3 Latent: lat_8v8tb6qh_s3_00001_.latent
2026-04-11 19:49:16,067 - INFO - --- Step 5/6: 'wan_2.2_step3' ---
2026-04-11 19:49:31,613 - INFO - --- Step 6/6: 'FlashSVR' ---
2026-04-11 19:49:32,120 - INFO - --- Task 'wan2.2' FINISHED ---
2026-04-11 20:02:49,108 - INFO - --- Starting Task 'custom' ---
2026-04-11 20:02:49,113 - INFO - --- Step 1/1: 'audio_nsfw' ---
2026-04-11 20:02:49,113 - INFO - DEBUG: Skipping audio for vlf9snyy
2026-04-11 20:02:49,113 - INFO - --- Task 'custom' FINISHED ---
2026-04-11 20:02:52,788 - INFO - --- Starting Task 'wan2.2' ---
2026-04-11 20:02:52,791 - INFO - --- Step 1/6: 'audio_nsfw' ---
2026-04-11 20:02:52,791 - INFO - DEBUG: Skipping audio for 9xj7tmvm
2026-04-11 20:02:52,791 - INFO - --- Step 2/6: 'wan_2.2_step0' ---
2026-04-11 20:03:02,807 - INFO - DEBUG: Staged 9xj7tmvm Step 1: lat_9xj7tmvm_s1_00001_.latent
2026-04-11 20:03:03,308 - INFO - --- Step 3/6: 'wan_2.2_step1' ---
2026-04-11 20:03:03,816 - INFO - --- Step 4/6: 'wan_2.2_step2' ---
2026-04-11 20:03:04,324 - INFO - --- Step 5/6: 'wan_2.2_step3' ---
2026-04-11 20:03:09,836 - INFO - --- Step 6/6: 'FlashSVR' ---
2026-04-11 20:03:09,836 - INFO - DEBUG: Skipping FlashSVR for 9xj7tmvm
2026-04-11 20:03:09,837 - INFO - --- Task 'wan2.2' FINISHED ---
2026-04-11 20:06:50,703 - INFO - --- Starting Task 'wan2.2' ---
2026-04-11 20:06:50,707 - INFO - --- Step 1/6: 'audio_nsfw' ---
2026-04-11 20:06:50,707 - INFO - DEBUG: Skipping audio for 27kb8s21
2026-04-11 20:06:50,707 - INFO - --- Step 2/6: 'wan_2.2_step0' ---
2026-04-11 20:07:00,743 - INFO - DEBUG: Staged 27kb8s21 Step 1: lat_27kb8s21_s1_00001_.latent
2026-04-11 20:07:01,243 - INFO - --- Step 3/6: 'wan_2.2_step1' ---
2026-04-11 20:07:21,272 - INFO - DEBUG: Staged 27kb8s21 Step 2: lat_27kb8s21_s2_00001_.latent
2026-04-11 20:07:21,772 - INFO - --- Step 4/6: 'wan_2.2_step2' ---
2026-04-11 20:07:46,829 - INFO - DEBUG: Staged 27kb8s21 Step 3: lat_27kb8s21_s3_00001_.latent
2026-04-11 20:07:47,329 - INFO - --- Step 5/6: 'wan_2.2_step3' ---
2026-04-11 20:07:52,874 - INFO - --- Step 6/6: 'FlashSVR' ---
2026-04-11 20:07:52,874 - INFO - DEBUG: Skipping FlashSVR for 27kb8s21
2026-04-11 20:07:52,874 - INFO - --- Task 'wan2.2' FINISHED ---
